SyntaxError: Non-UTF-8 code starting with '\x82' in file /usr/bin/bash on line 2, but no encoding declared; see https://python.org/dev/peps/pep-0263/ for details
SyntaxError: Non-UTF-8 code starting with '\x82' in file /usr/bin/bash on line 2, but no encoding declared; see https://python.org/dev/peps/pep-0263/ for details
SyntaxError: Non-UTF-8 code starting with '\x82' in file /usr/bin/bash on line 2, but no encoding declared; see https://python.org/dev/peps/pep-0263/ for details
SyntaxError: Non-UTF-8 code starting with '\x82' in file /usr/bin/bash on line 2, but no encoding declared; see https://python.org/dev/peps/pep-0263/ for details
SyntaxError: Non-UTF-8 code starting with '\x82' in file /usr/bin/bash on line 2, but no encoding declared; see https://python.org/dev/peps/pep-0263/ for details
SyntaxError: Non-UTF-8 code starting with '\x82' in file /usr/bin/bash on line 2, but no encoding declared; see https://python.org/dev/peps/pep-0263/ for details
SyntaxError: Non-UTF-8 code starting with '\x82' in file /usr/bin/bash on line 2, but no encoding declared; see https://python.org/dev/peps/pep-0263/ for details
SyntaxError: Non-UTF-8 code starting with '\x82' in file /usr/bin/bash on line 2, but no encoding declared; see https://python.org/dev/peps/pep-0263/ for details
SyntaxError: Non-UTF-8 code starting with '\x82' in file /usr/bin/bash on line 2, but no encoding declared; see https://python.org/dev/peps/pep-0263/ for details
SyntaxError: Non-UTF-8 code starting with '\x82' in file /usr/bin/bash on line 2, but no encoding declared; see https://python.org/dev/peps/pep-0263/ for details
SyntaxError: Non-UTF-8 code starting with '\x82' in file /usr/bin/bash on line 2, but no encoding declared; see https://python.org/dev/peps/pep-0263/ for details
SyntaxError: Non-UTF-8 code starting with '\x82' in file /usr/bin/bash on line 2, but no encoding declared; see https://python.org/dev/peps/pep-0263/ for details
SyntaxError: Non-UTF-8 code starting with '\x82' in file /usr/bin/bash on line 2, but no encoding declared; see https://python.org/dev/peps/pep-0263/ for details
SyntaxError: Non-UTF-8 code starting with '\x82' in file /usr/bin/bash on line 2, but no encoding declared; see https://python.org/dev/peps/pep-0263/ for details
SyntaxError: Non-UTF-8 code starting with '\x82' in file /usr/bin/bash on line 2, but no encoding declared; see https://python.org/dev/peps/pep-0263/ for details
SyntaxError: Non-UTF-8 code starting with '\x82' in file /usr/bin/bash on line 2, but no encoding declared; see https://python.org/dev/peps/pep-0263/ for details
SyntaxError: Non-UTF-8 code starting with '\x82' in file /usr/bin/bash on line 2, but no encoding declared; see https://python.org/dev/peps/pep-0263/ for details
SyntaxError: Non-UTF-8 code starting with '\x82' in file /usr/bin/bash on line 2, but no encoding declared; see https://python.org/dev/peps/pep-0263/ for details
SyntaxError: Non-UTF-8 code starting with '\x82' in file /usr/bin/bash on line 2, but no encoding declared; see https://python.org/dev/peps/pep-0263/ for details
SyntaxError: Non-UTF-8 code starting with '\x82' in file /usr/bin/bash on line 2, but no encoding declared; see https://python.org/dev/peps/pep-0263/ for details
SyntaxError: Non-UTF-8 code starting with '\x82' in file /usr/bin/bash on line 2, but no encoding declared; see https://python.org/dev/peps/pep-0263/ for details
SyntaxError: Non-UTF-8 code starting with '\x82' in file /usr/bin/bash on line 2, but no encoding declared; see https://python.org/dev/peps/pep-0263/ for details
SyntaxError: Non-UTF-8 code starting with '\x82' in file /usr/bin/bash on line 2, but no encoding declared; see https://python.org/dev/peps/pep-0263/ for details
SyntaxError: Non-UTF-8 code starting with '\x82' in file /usr/bin/bash on line 2, but no encoding declared; see https://python.org/dev/peps/pep-0263/ for details
SyntaxError: Non-UTF-8 code starting with '\x82' in file /usr/bin/bash on line 2, but no encoding declared; see https://python.org/dev/peps/pep-0263/ for details
SyntaxError: Non-UTF-8 code starting with '\x82' in file /usr/bin/bash on line 2, but no encoding declared; see https://python.org/dev/peps/pep-0263/ for details
SyntaxError: Non-UTF-8 code starting with '\x82' in file /usr/bin/bash on line 2, but no encoding declared; see https://python.org/dev/peps/pep-0263/ for details
SyntaxError: Non-UTF-8 code starting with '\x82' in file /usr/bin/bash on line 2, but no encoding declared; see https://python.org/dev/peps/pep-0263/ for details
SyntaxError: Non-UTF-8 code starting with '\x82' in file /usr/bin/bash on line 2, but no encoding declared; see https://python.org/dev/peps/pep-0263/ for details
SyntaxError: Non-UTF-8 code starting with '\x82' in file /usr/bin/bash on line 2, but no encoding declared; see https://python.org/dev/peps/pep-0263/ for details
SyntaxError: Non-UTF-8 code starting with '\x82' in file /usr/bin/bash on line 2, but no encoding declared; see https://python.org/dev/peps/pep-0263/ for details
SyntaxError: Non-UTF-8 code starting with '\x82' in file /usr/bin/bash on line 2, but no encoding declared; see https://python.org/dev/peps/pep-0263/ for details
ERROR:    Error loading ASGI app. Attribute "app" not found in module "main".
ERROR:    Error loading ASGI app. Attribute "app" not found in module "main".
ERROR:    Error loading ASGI app. Attribute "app" not found in module "main".
ERROR:    Error loading ASGI app. Attribute "app" not found in module "main".
ERROR:    Error loading ASGI app. Attribute "app" not found in module "main".
ERROR:    Error loading ASGI app. Attribute "app" not found in module "main".
ERROR:    Error loading ASGI app. Attribute "app" not found in module "main".
ERROR:    Error loading ASGI app. Attribute "app" not found in module "main".
ERROR:    Error loading ASGI app. Attribute "app" not found in module "main".
ERROR:    Error loading ASGI app. Attribute "app" not found in module "main".
ERROR:    Error loading ASGI app. Attribute "app" not found in module "main".
ERROR:    Error loading ASGI app. Attribute "app" not found in module "main".
ERROR:    Error loading ASGI app. Attribute "app" not found in module "main".
ERROR:    Error loading ASGI app. Attribute "app" not found in module "main".
ERROR:    Error loading ASGI app. Attribute "app" not found in module "main".
ERROR:    Error loading ASGI app. Attribute "app" not found in module "main".
INFO:     Started server process [41129]
INFO:     Waiting for application startup.
INFO:     Application startup complete.
INFO:     Uvicorn running on http://0.0.0.0:8000 (Press CTRL+C to quit)
INFO:     Shutting down
INFO:     Waiting for application shutdown.
INFO:     Application shutdown complete.
INFO:     Finished server process [41129]
INFO:     Started server process [41164]
INFO:     Waiting for application startup.
INFO:     Application startup complete.
INFO:     Uvicorn running on http://0.0.0.0:8000 (Press CTRL+C to quit)
WARNING:  Invalid HTTP request received.
WARNING:  Invalid HTTP request received.
WARNING:  Invalid HTTP request received.
WARNING:  Invalid HTTP request received.
WARNING:  Invalid HTTP request received.
WARNING:  Invalid HTTP request received.
WARNING:  Invalid HTTP request received.
WARNING:  Invalid HTTP request received.
WARNING:  Invalid HTTP request received.
WARNING:  Invalid HTTP request received.
WARNING:  Invalid HTTP request received.
WARNING:  Invalid HTTP request received.
WARNING:  Invalid HTTP request received.
WARNING:  Invalid HTTP request received.
WARNING:  Invalid HTTP request received.
WARNING:  Invalid HTTP request received.
WARNING:  Invalid HTTP request received.
WARNING:  Invalid HTTP request received.
WARNING:  Invalid HTTP request received.
WARNING:  Invalid HTTP request received.
WARNING:  Invalid HTTP request received.
WARNING:  Invalid HTTP request received.
WARNING:  Invalid HTTP request received.
WARNING:  Invalid HTTP request received.
WARNING:  Invalid HTTP request received.
WARNING:  Invalid HTTP request received.
WARNING:  Invalid HTTP request received.
WARNING:  Invalid HTTP request received.
WARNING:  Invalid HTTP request received.
WARNING:  Invalid HTTP request received.
WARNING:  Invalid HTTP request received.
WARNING:  Invalid HTTP request received.
WARNING:  Invalid HTTP request received.
WARNING:  Invalid HTTP request received.
WARNING:  Invalid HTTP request received.
WARNING:  Invalid HTTP request received.
WARNING:  Invalid HTTP request received.
WARNING:  Invalid HTTP request received.
WARNING:  Invalid HTTP request received.
WARNING:  Invalid HTTP request received.
WARNING:  Invalid HTTP request received.
WARNING:  Invalid HTTP request received.
WARNING:  Invalid HTTP request received.
WARNING:  Invalid HTTP request received.
WARNING:  Invalid HTTP request received.
WARNING:  Invalid HTTP request received.
WARNING:  Invalid HTTP request received.
WARNING:  Invalid HTTP request received.
WARNING:  Invalid HTTP request received.
INFO:     Shutting down
INFO:     Waiting for application shutdown.
INFO:     Application shutdown complete.
INFO:     Finished server process [41164]
