npm error code EJSONPARSE
npm error JSON.parse Invalid package.json: JSONParseError: Unexpected token ":" (0x3A) in JSON at position 9 while parsing near "\"scripts\": {\n  \"dev\": \"vite\",..."
npm error JSON.parse Failed to parse JSON data.
npm error JSON.parse Note: package.json must be actual JSON, not just JavaScript.
npm error A complete log of this run can be found in: /home/ubuntu/.npm/_logs/2025-06-04T00_21_17_274Z-debug-0.log
npm error code EJSONPARSE
npm error JSON.parse Invalid package.json: JSONParseError: Unexpected token ":" (0x3A) in JSON at position 9 while parsing near "\"scripts\": {\n  \"dev\": \"vite\",..."
npm error JSON.parse Failed to parse JSON data.
npm error JSON.parse Note: package.json must be actual JSON, not just JavaScript.
npm error A complete log of this run can be found in: /home/ubuntu/.npm/_logs/2025-06-04T00_21_17_583Z-debug-0.log
npm error code EJSONPARSE
npm error JSON.parse Invalid package.json: JSONParseError: Unexpected token ":" (0x3A) in JSON at position 9 while parsing near "\"scripts\": {\n  \"dev\": \"vite\",..."
npm error JSON.parse Failed to parse JSON data.
npm error JSON.parse Note: package.json must be actual JSON, not just JavaScript.
npm error A complete log of this run can be found in: /home/ubuntu/.npm/_logs/2025-06-04T00_21_17_925Z-debug-0.log
npm error code EJSONPARSE
npm error JSON.parse Invalid package.json: JSONParseError: Unexpected token ":" (0x3A) in JSON at position 9 while parsing near "\"scripts\": {\n  \"dev\": \"vite\",..."
npm error JSON.parse Failed to parse JSON data.
npm error JSON.parse Note: package.json must be actual JSON, not just JavaScript.
npm error A complete log of this run can be found in: /home/ubuntu/.npm/_logs/2025-06-04T00_21_18_213Z-debug-0.log
npm error code EJSONPARSE
npm error JSON.parse Invalid package.json: JSONParseError: Unexpected token ":" (0x3A) in JSON at position 9 while parsing near "\"scripts\": {\n  \"dev\": \"vite\",..."
npm error JSON.parse Failed to parse JSON data.
npm error JSON.parse Note: package.json must be actual JSON, not just JavaScript.
npm error A complete log of this run can be found in: /home/ubuntu/.npm/_logs/2025-06-04T00_21_18_490Z-debug-0.log
npm error code EJSONPARSE
npm error JSON.parse Invalid package.json: JSONParseError: Unexpected token ":" (0x3A) in JSON at position 9 while parsing near "\"scripts\": {\n  \"dev\": \"vite\",..."
npm error JSON.parse Failed to parse JSON data.
npm error JSON.parse Note: package.json must be actual JSON, not just JavaScript.
npm error A complete log of this run can be found in: /home/ubuntu/.npm/_logs/2025-06-04T00_21_18_786Z-debug-0.log
npm error code EJSONPARSE
npm error JSON.parse Invalid package.json: JSONParseError: Unexpected token ":" (0x3A) in JSON at position 9 while parsing near "\"scripts\": {\n  \"dev\": \"vite\",..."
npm error JSON.parse Failed to parse JSON data.
npm error JSON.parse Note: package.json must be actual JSON, not just JavaScript.
npm error A complete log of this run can be found in: /home/ubuntu/.npm/_logs/2025-06-04T00_21_19_063Z-debug-0.log
npm error code EJSONPARSE
npm error JSON.parse Invalid package.json: JSONParseError: Unexpected token ":" (0x3A) in JSON at position 9 while parsing near "\"scripts\": {\n  \"dev\": \"vite\",..."
npm error JSON.parse Failed to parse JSON data.
npm error JSON.parse Note: package.json must be actual JSON, not just JavaScript.
npm error A complete log of this run can be found in: /home/ubuntu/.npm/_logs/2025-06-04T00_21_19_335Z-debug-0.log
npm error code EJSONPARSE
npm error JSON.parse Invalid package.json: JSONParseError: Unexpected token ":" (0x3A) in JSON at position 9 while parsing near "\"scripts\": {\n  \"dev\": \"vite\",..."
npm error JSON.parse Failed to parse JSON data.
npm error JSON.parse Note: package.json must be actual JSON, not just JavaScript.
npm error A complete log of this run can be found in: /home/ubuntu/.npm/_logs/2025-06-04T00_21_19_611Z-debug-0.log
npm error code EJSONPARSE
npm error JSON.parse Invalid package.json: JSONParseError: Unexpected token ":" (0x3A) in JSON at position 9 while parsing near "\"scripts\": {\n  \"dev\": \"vite\",..."
npm error JSON.parse Failed to parse JSON data.
npm error JSON.parse Note: package.json must be actual JSON, not just JavaScript.
npm error A complete log of this run can be found in: /home/ubuntu/.npm/_logs/2025-06-04T00_21_19_884Z-debug-0.log
npm error code EJSONPARSE
npm error JSON.parse Invalid package.json: JSONParseError: Unexpected token ":" (0x3A) in JSON at position 9 while parsing near "\"scripts\": {\n  \"dev\": \"vite\",..."
npm error JSON.parse Failed to parse JSON data.
npm error JSON.parse Note: package.json must be actual JSON, not just JavaScript.
npm error A complete log of this run can be found in: /home/ubuntu/.npm/_logs/2025-06-04T00_21_20_149Z-debug-0.log
npm error code EJSONPARSE
npm error JSON.parse Invalid package.json: JSONParseError: Unexpected token ":" (0x3A) in JSON at position 9 while parsing near "\"scripts\": {\n  \"dev\": \"vite\",..."
npm error JSON.parse Failed to parse JSON data.
npm error JSON.parse Note: package.json must be actual JSON, not just JavaScript.
npm error A complete log of this run can be found in: /home/ubuntu/.npm/_logs/2025-06-04T00_21_20_420Z-debug-0.log
npm error code EJSONPARSE
npm error JSON.parse Invalid package.json: JSONParseError: Unexpected token ":" (0x3A) in JSON at position 9 while parsing near "\"scripts\": {\n  \"dev\": \"vite\",..."
npm error JSON.parse Failed to parse JSON data.
npm error JSON.parse Note: package.json must be actual JSON, not just JavaScript.
npm error A complete log of this run can be found in: /home/ubuntu/.npm/_logs/2025-06-04T00_21_20_696Z-debug-0.log
npm error code EJSONPARSE
npm error JSON.parse Invalid package.json: JSONParseError: Unexpected token ":" (0x3A) in JSON at position 9 while parsing near "\"scripts\": {\n  \"dev\": \"vite\",..."
npm error JSON.parse Failed to parse JSON data.
npm error JSON.parse Note: package.json must be actual JSON, not just JavaScript.
npm error A complete log of this run can be found in: /home/ubuntu/.npm/_logs/2025-06-04T00_21_20_969Z-debug-0.log
npm error code EJSONPARSE
npm error JSON.parse Invalid package.json: JSONParseError: Unexpected token ":" (0x3A) in JSON at position 9 while parsing near "\"scripts\": {\n  \"dev\": \"vite\",..."
npm error JSON.parse Failed to parse JSON data.
npm error JSON.parse Note: package.json must be actual JSON, not just JavaScript.
npm error A complete log of this run can be found in: /home/ubuntu/.npm/_logs/2025-06-04T00_21_21_254Z-debug-0.log
npm error code EJSONPARSE
npm error JSON.parse Invalid package.json: JSONParseError: Unexpected token ":" (0x3A) in JSON at position 9 while parsing near "\"scripts\": {\n  \"dev\": \"vite\",..."
npm error JSON.parse Failed to parse JSON data.
npm error JSON.parse Note: package.json must be actual JSON, not just JavaScript.
npm error A complete log of this run can be found in: /home/ubuntu/.npm/_logs/2025-06-04T00_21_21_528Z-debug-0.log
npm error Missing script: "preview"
npm error
npm error To see a list of scripts, run:
npm error   npm run
npm error A complete log of this run can be found in: /home/ubuntu/.npm/_logs/2025-06-04T00_23_54_608Z-debug-0.log
npm error Missing script: "preview"
npm error
npm error To see a list of scripts, run:
npm error   npm run
npm error A complete log of this run can be found in: /home/ubuntu/.npm/_logs/2025-06-04T00_23_54_898Z-debug-0.log
npm error Missing script: "preview"
npm error
npm error To see a list of scripts, run:
npm error   npm run
npm error A complete log of this run can be found in: /home/ubuntu/.npm/_logs/2025-06-04T00_23_55_179Z-debug-0.log
npm error Missing script: "preview"
npm error
npm error To see a list of scripts, run:
npm error   npm run
npm error A complete log of this run can be found in: /home/ubuntu/.npm/_logs/2025-06-04T00_23_55_460Z-debug-0.log
npm error Missing script: "preview"
npm error
npm error To see a list of scripts, run:
npm error   npm run
npm error A complete log of this run can be found in: /home/ubuntu/.npm/_logs/2025-06-04T00_23_55_739Z-debug-0.log
npm error Missing script: "preview"
npm error
npm error To see a list of scripts, run:
npm error   npm run
npm error A complete log of this run can be found in: /home/ubuntu/.npm/_logs/2025-06-04T00_23_56_021Z-debug-0.log
npm error Missing script: "preview"
npm error
npm error To see a list of scripts, run:
npm error   npm run
npm error A complete log of this run can be found in: /home/ubuntu/.npm/_logs/2025-06-04T00_23_56_293Z-debug-0.log
npm error Missing script: "preview"
npm error
npm error To see a list of scripts, run:
npm error   npm run
npm error A complete log of this run can be found in: /home/ubuntu/.npm/_logs/2025-06-04T00_23_56_573Z-debug-0.log
npm error Missing script: "preview"
npm error
npm error To see a list of scripts, run:
npm error   npm run
npm error A complete log of this run can be found in: /home/ubuntu/.npm/_logs/2025-06-04T00_23_56_853Z-debug-0.log
npm error Missing script: "preview"
npm error
npm error To see a list of scripts, run:
npm error   npm run
npm error A complete log of this run can be found in: /home/ubuntu/.npm/_logs/2025-06-04T00_23_57_128Z-debug-0.log
npm error Missing script: "preview"
npm error
npm error To see a list of scripts, run:
npm error   npm run
npm error A complete log of this run can be found in: /home/ubuntu/.npm/_logs/2025-06-04T00_23_57_408Z-debug-0.log
npm error Missing script: "preview"
npm error
npm error To see a list of scripts, run:
npm error   npm run
npm error A complete log of this run can be found in: /home/ubuntu/.npm/_logs/2025-06-04T00_23_57_686Z-debug-0.log
npm error Missing script: "preview"
npm error
npm error To see a list of scripts, run:
npm error   npm run
npm error A complete log of this run can be found in: /home/ubuntu/.npm/_logs/2025-06-04T00_23_57_960Z-debug-0.log
npm error Missing script: "preview"
npm error
npm error To see a list of scripts, run:
npm error   npm run
npm error A complete log of this run can be found in: /home/ubuntu/.npm/_logs/2025-06-04T00_23_58_241Z-debug-0.log
npm error Missing script: "preview"
npm error
npm error To see a list of scripts, run:
npm error   npm run
npm error A complete log of this run can be found in: /home/ubuntu/.npm/_logs/2025-06-04T00_23_58_514Z-debug-0.log
npm error Missing script: "preview"
npm error
npm error To see a list of scripts, run:
npm error   npm run
npm error A complete log of this run can be found in: /home/ubuntu/.npm/_logs/2025-06-04T00_23_58_796Z-debug-0.log
npm error code ENOENT
npm error syscall open
npm error path /home/ubuntu/package.json
npm error errno -2
npm error enoent Could not read package.json: Error: ENOENT: no such file or directory, open '/home/ubuntu/package.json'
npm error enoent This is related to npm not being able to find a file.
npm error enoent
npm error A complete log of this run can be found in: /home/ubuntu/.npm/_logs/2025-06-04T00_48_07_496Z-debug-0.log
npm error code ENOENT
npm error syscall open
npm error path /home/ubuntu/package.json
npm error errno -2
npm error enoent Could not read package.json: Error: ENOENT: no such file or directory, open '/home/ubuntu/package.json'
npm error enoent This is related to npm not being able to find a file.
npm error enoent
npm error A complete log of this run can be found in: /home/ubuntu/.npm/_logs/2025-06-04T00_48_07_795Z-debug-0.log
npm error code ENOENT
npm error syscall open
npm error path /home/ubuntu/package.json
npm error errno -2
npm error enoent Could not read package.json: Error: ENOENT: no such file or directory, open '/home/ubuntu/package.json'
npm error enoent This is related to npm not being able to find a file.
npm error enoent
npm error A complete log of this run can be found in: /home/ubuntu/.npm/_logs/2025-06-04T00_48_08_064Z-debug-0.log
npm error code ENOENT
npm error syscall open
npm error path /home/ubuntu/package.json
npm error errno -2
npm error enoent Could not read package.json: Error: ENOENT: no such file or directory, open '/home/ubuntu/package.json'
npm error enoent This is related to npm not being able to find a file.
npm error enoent
npm error A complete log of this run can be found in: /home/ubuntu/.npm/_logs/2025-06-04T00_48_08_331Z-debug-0.log
npm error code ENOENT
npm error syscall open
npm error path /home/ubuntu/package.json
npm error errno -2
npm error enoent Could not read package.json: Error: ENOENT: no such file or directory, open '/home/ubuntu/package.json'
npm error enoent This is related to npm not being able to find a file.
npm error enoent
npm error A complete log of this run can be found in: /home/ubuntu/.npm/_logs/2025-06-04T00_48_08_595Z-debug-0.log
npm error code ENOENT
npm error syscall open
npm error path /home/ubuntu/package.json
npm error errno -2
npm error enoent Could not read package.json: Error: ENOENT: no such file or directory, open '/home/ubuntu/package.json'
npm error enoent This is related to npm not being able to find a file.
npm error enoent
npm error A complete log of this run can be found in: /home/ubuntu/.npm/_logs/2025-06-04T00_48_08_866Z-debug-0.log
npm error code ENOENT
npm error syscall open
npm error path /home/ubuntu/package.json
npm error errno -2
npm error enoent Could not read package.json: Error: ENOENT: no such file or directory, open '/home/ubuntu/package.json'
npm error enoent This is related to npm not being able to find a file.
npm error enoent
npm error A complete log of this run can be found in: /home/ubuntu/.npm/_logs/2025-06-04T00_48_09_150Z-debug-0.log
npm error code ENOENT
npm error syscall open
npm error path /home/ubuntu/package.json
npm error errno -2
npm error enoent Could not read package.json: Error: ENOENT: no such file or directory, open '/home/ubuntu/package.json'
npm error enoent This is related to npm not being able to find a file.
npm error enoent
npm error A complete log of this run can be found in: /home/ubuntu/.npm/_logs/2025-06-04T00_48_09_417Z-debug-0.log
npm error code ENOENT
npm error syscall open
npm error path /home/ubuntu/package.json
npm error errno -2
npm error enoent Could not read package.json: Error: ENOENT: no such file or directory, open '/home/ubuntu/package.json'
npm error enoent This is related to npm not being able to find a file.
npm error enoent
npm error A complete log of this run can be found in: /home/ubuntu/.npm/_logs/2025-06-04T00_48_09_687Z-debug-0.log
npm error code ENOENT
npm error syscall open
npm error path /home/ubuntu/package.json
npm error errno -2
npm error enoent Could not read package.json: Error: ENOENT: no such file or directory, open '/home/ubuntu/package.json'
npm error enoent This is related to npm not being able to find a file.
npm error enoent
npm error A complete log of this run can be found in: /home/ubuntu/.npm/_logs/2025-06-04T00_48_09_950Z-debug-0.log
npm error code ENOENT
npm error syscall open
npm error path /home/ubuntu/package.json
npm error errno -2
npm error enoent Could not read package.json: Error: ENOENT: no such file or directory, open '/home/ubuntu/package.json'
npm error enoent This is related to npm not being able to find a file.
npm error enoent
npm error A complete log of this run can be found in: /home/ubuntu/.npm/_logs/2025-06-04T00_48_10_216Z-debug-0.log
npm error code ENOENT
npm error syscall open
npm error path /home/ubuntu/package.json
npm error errno -2
npm error enoent Could not read package.json: Error: ENOENT: no such file or directory, open '/home/ubuntu/package.json'
npm error enoent This is related to npm not being able to find a file.
npm error enoent
npm error A complete log of this run can be found in: /home/ubuntu/.npm/_logs/2025-06-04T00_48_10_483Z-debug-0.log
npm error code ENOENT
npm error syscall open
npm error path /home/ubuntu/package.json
npm error errno -2
npm error enoent Could not read package.json: Error: ENOENT: no such file or directory, open '/home/ubuntu/package.json'
npm error enoent This is related to npm not being able to find a file.
npm error enoent
npm error A complete log of this run can be found in: /home/ubuntu/.npm/_logs/2025-06-04T00_48_10_757Z-debug-0.log
npm error code ENOENT
npm error syscall open
npm error path /home/ubuntu/package.json
npm error errno -2
npm error enoent Could not read package.json: Error: ENOENT: no such file or directory, open '/home/ubuntu/package.json'
npm error enoent This is related to npm not being able to find a file.
npm error enoent
npm error A complete log of this run can be found in: /home/ubuntu/.npm/_logs/2025-06-04T00_48_11_019Z-debug-0.log
npm error code ENOENT
npm error syscall open
npm error path /home/ubuntu/package.json
npm error errno -2
npm error enoent Could not read package.json: Error: ENOENT: no such file or directory, open '/home/ubuntu/package.json'
npm error enoent This is related to npm not being able to find a file.
npm error enoent
npm error A complete log of this run can be found in: /home/ubuntu/.npm/_logs/2025-06-04T00_48_11_283Z-debug-0.log
npm error code ENOENT
npm error syscall open
npm error path /home/ubuntu/package.json
npm error errno -2
npm error enoent Could not read package.json: Error: ENOENT: no such file or directory, open '/home/ubuntu/package.json'
npm error enoent This is related to npm not being able to find a file.
npm error enoent
npm error A complete log of this run can be found in: /home/ubuntu/.npm/_logs/2025-06-04T00_48_11_547Z-debug-0.log
[33mThe CJS build of Vite's Node API is deprecated. See https://vite.dev/guide/troubleshooting.html#vite-cjs-node-api-deprecated for more details.[39m
[33mThe CJS build of Vite's Node API is deprecated. See https://vite.dev/guide/troubleshooting.html#vite-cjs-node-api-deprecated for more details.[39m
[33mThe CJS build of Vite's Node API is deprecated. See https://vite.dev/guide/troubleshooting.html#vite-cjs-node-api-deprecated for more details.[39m
[33mThe CJS build of Vite's Node API is deprecated. See https://vite.dev/guide/troubleshooting.html#vite-cjs-node-api-deprecated for more details.[39m
[33mThe CJS build of Vite's Node API is deprecated. See https://vite.dev/guide/troubleshooting.html#vite-cjs-node-api-deprecated for more details.[39m
[33mThe CJS build of Vite's Node API is deprecated. See https://vite.dev/guide/troubleshooting.html#vite-cjs-node-api-deprecated for more details.[39m
[2025-06-05T15:16:01.610Z] Error while serving /home/ubuntu/skystrike-v8.3/frontend/dist/login with content-type text/plain : ENOENT: no such file or directory, open '/home/ubuntu/skystrike-v8.3/frontend/dist/login'
[2025-06-05T15:16:01.716Z] Error while serving /home/ubuntu/skystrike-v8.3/frontend/dist/favicon.ico with content-type image/vnd.microsoft.icon : ENOENT: no such file or directory, open '/home/ubuntu/skystrike-v8.3/frontend/dist/favicon.ico'
[2025-06-05T15:16:07.708Z] Error while serving /home/ubuntu/skystrike-v8.3/frontend/dist/login with content-type text/plain : ENOENT: no such file or directory, open '/home/ubuntu/skystrike-v8.3/frontend/dist/login'
[2025-06-05T15:16:57.893Z] Error while serving /home/ubuntu/skystrike-v8.3/frontend/dist/login with content-type text/plain : ENOENT: no such file or directory, open '/home/ubuntu/skystrike-v8.3/frontend/dist/login'
[2025-06-06T02:10:32.889Z] Error while serving /home/ubuntu/skystrike-v8.3/frontend/dist/index.html with content-type text/html : ENOENT: no such file or directory, open '/home/ubuntu/skystrike-v8.3/frontend/dist/index.html'
[2025-06-06T02:10:40.307Z] Error while serving /home/ubuntu/skystrike-v8.3/frontend/dist/index.html with content-type text/html : ENOENT: no such file or directory, open '/home/ubuntu/skystrike-v8.3/frontend/dist/index.html'
[2025-06-06T02:35:22.790Z] Error while serving /home/ubuntu/skystrike-v8.3/frontend/dist/index.html with content-type text/html : ENOENT: no such file or directory, open '/home/ubuntu/skystrike-v8.3/frontend/dist/index.html'
[2025-06-06T02:39:03.476Z] Error while serving /home/ubuntu/skystrike-v8.3/frontend/dist/index.html with content-type text/html : ENOENT: no such file or directory, open '/home/ubuntu/skystrike-v8.3/frontend/dist/index.html'
[2025-06-06T03:06:36.357Z] Error while serving /home/ubuntu/skystrike-v8.3/frontend/dist/index.html with content-type text/html : ENOENT: no such file or directory, open '/home/ubuntu/skystrike-v8.3/frontend/dist/index.html'
[2025-06-06T03:08:13.167Z] Error while serving /home/ubuntu/skystrike-v8.3/frontend/dist/index.html with content-type text/html : ENOENT: no such file or directory, open '/home/ubuntu/skystrike-v8.3/frontend/dist/index.html'
[2025-06-06T03:08:25.715Z] Error while serving /home/ubuntu/skystrike-v8.3/frontend/dist/index.html with content-type text/html : ENOENT: no such file or directory, open '/home/ubuntu/skystrike-v8.3/frontend/dist/index.html'
[2025-06-06T03:08:28.235Z] Error while serving /home/ubuntu/skystrike-v8.3/frontend/dist/index.html with content-type text/html : ENOENT: no such file or directory, open '/home/ubuntu/skystrike-v8.3/frontend/dist/index.html'
[2025-06-06T03:43:38.481Z] Error while serving /home/ubuntu/skystrike-v8.3/frontend/dist/index.html with content-type text/html : ENOENT: no such file or directory, open '/home/ubuntu/skystrike-v8.3/frontend/dist/index.html'
[2025-06-06T03:45:33.678Z] Error while serving /home/ubuntu/skystrike-v8.3/frontend/dist/index.html with content-type text/html : ENOENT: no such file or directory, open '/home/ubuntu/skystrike-v8.3/frontend/dist/index.html'
[2025-06-06T04:02:02.543Z] Error while serving /home/ubuntu/skystrike-v8.3/frontend/dist/index.html with content-type text/html : ENOENT: no such file or directory, open '/home/ubuntu/skystrike-v8.3/frontend/dist/index.html'
[2025-06-06T07:54:12.012Z] Error while serving /home/ubuntu/skystrike-v8.3/frontend/dist/index.html with content-type text/html : ENOENT: no such file or directory, open '/home/ubuntu/skystrike-v8.3/frontend/dist/index.html'
[2025-06-06T08:37:27.226Z] Error while serving /home/ubuntu/skystrike-v8.3/frontend/dist/index.html with content-type text/html : ENOENT: no such file or directory, open '/home/ubuntu/skystrike-v8.3/frontend/dist/index.html'
[2025-06-06T08:37:52.191Z] Error while serving /home/ubuntu/skystrike-v8.3/frontend/dist/index.html with content-type text/html : ENOENT: no such file or directory, open '/home/ubuntu/skystrike-v8.3/frontend/dist/index.html'
