INFO:     Will watch for changes in these directories: ['/home/ubuntu/skystrike_fullstack_final_release/backend/services']
INFO:     Uvicorn running on http://0.0.0.0:8000 (Press CTRL+C to quit)
INFO:     Started reloader process [842521] using WatchFiles
Process SpawnProcess-1:
Traceback (most recent call last):
  File "/usr/lib/python3.10/multiprocessing/process.py", line 314, in _bootstrap
    self.run()
  File "/usr/lib/python3.10/multiprocessing/process.py", line 108, in run
    self._target(*self._args, **self._kwargs)
  File "/home/ubuntu/.local/lib/python3.10/site-packages/uvicorn/_subprocess.py", line 80, in subprocess_started
    target(sockets=sockets)
  File "/home/ubuntu/.local/lib/python3.10/site-packages/uvicorn/server.py", line 66, in run
    return asyncio.run(self.serve(sockets=sockets))
  File "/usr/lib/python3.10/asyncio/runners.py", line 44, in run
    return loop.run_until_complete(main)
  File "uvloop/loop.pyx", line 1518, in uvloop.loop.Loop.run_until_complete
  File "/home/ubuntu/.local/lib/python3.10/site-packages/uvicorn/server.py", line 70, in serve
    await self._serve(sockets)
  File "/home/ubuntu/.local/lib/python3.10/site-packages/uvicorn/server.py", line 77, in _serve
    config.load()
  File "/home/ubuntu/.local/lib/python3.10/site-packages/uvicorn/config.py", line 435, in load
    self.loaded_app = import_from_string(self.app)
  File "/home/ubuntu/.local/lib/python3.10/site-packages/uvicorn/importer.py", line 19, in import_from_string
    module = importlib.import_module(module_str)
  File "/usr/lib/python3.10/importlib/__init__.py", line 126, in import_module
    return _bootstrap._gcd_import(name[level:], package, level)
  File "<frozen importlib._bootstrap>", line 1050, in _gcd_import
  File "<frozen importlib._bootstrap>", line 1027, in _find_and_load
  File "<frozen importlib._bootstrap>", line 1006, in _find_and_load_unlocked
  File "<frozen importlib._bootstrap>", line 688, in _load_unlocked
  File "<frozen importlib._bootstrap_external>", line 883, in exec_module
  File "<frozen importlib._bootstrap>", line 241, in _call_with_frames_removed
  File "/home/ubuntu/skystrike_fullstack_final_release/backend/main.py", line 15, in <module>
    from backend.routes.dashboard_routes  import router as dashboard_router
  File "/home/ubuntu/skystrike_fullstack_final_release/backend/routes/dashboard_routes.py", line 3, in <module>
    from backend.services.tradier_api import get_open_pnl
  File "/home/ubuntu/skystrike_fullstack_final_release/backend/services/tradier_api.py", line 123
    """
       ^
SyntaxError: (unicode error) 'utf-8' codec can't decode byte 0x92 in position 51: invalid start byte
WARNING:  WatchFiles detected changes in 'tradier_api.py'. Reloading...
Process SpawnProcess-2:
Traceback (most recent call last):
  File "/usr/lib/python3.10/multiprocessing/process.py", line 314, in _bootstrap
    self.run()
  File "/usr/lib/python3.10/multiprocessing/process.py", line 108, in run
    self._target(*self._args, **self._kwargs)
  File "/home/ubuntu/.local/lib/python3.10/site-packages/uvicorn/_subprocess.py", line 80, in subprocess_started
    target(sockets=sockets)
  File "/home/ubuntu/.local/lib/python3.10/site-packages/uvicorn/server.py", line 66, in run
    return asyncio.run(self.serve(sockets=sockets))
  File "/usr/lib/python3.10/asyncio/runners.py", line 44, in run
    return loop.run_until_complete(main)
  File "uvloop/loop.pyx", line 1518, in uvloop.loop.Loop.run_until_complete
  File "/home/ubuntu/.local/lib/python3.10/site-packages/uvicorn/server.py", line 70, in serve
    await self._serve(sockets)
  File "/home/ubuntu/.local/lib/python3.10/site-packages/uvicorn/server.py", line 77, in _serve
    config.load()
  File "/home/ubuntu/.local/lib/python3.10/site-packages/uvicorn/config.py", line 435, in load
    self.loaded_app = import_from_string(self.app)
  File "/home/ubuntu/.local/lib/python3.10/site-packages/uvicorn/importer.py", line 19, in import_from_string
    module = importlib.import_module(module_str)
  File "/usr/lib/python3.10/importlib/__init__.py", line 126, in import_module
    return _bootstrap._gcd_import(name[level:], package, level)
  File "<frozen importlib._bootstrap>", line 1050, in _gcd_import
  File "<frozen importlib._bootstrap>", line 1027, in _find_and_load
  File "<frozen importlib._bootstrap>", line 1006, in _find_and_load_unlocked
  File "<frozen importlib._bootstrap>", line 688, in _load_unlocked
  File "<frozen importlib._bootstrap_external>", line 883, in exec_module
  File "<frozen importlib._bootstrap>", line 241, in _call_with_frames_removed
  File "/home/ubuntu/skystrike_fullstack_final_release/backend/main.py", line 15, in <module>
    from backend.routes.dashboard_routes  import router as dashboard_router
  File "/home/ubuntu/skystrike_fullstack_final_release/backend/routes/dashboard_routes.py", line 3, in <module>
    from backend.services.tradier_api import get_open_pnl
  File "/home/ubuntu/skystrike_fullstack_final_release/backend/services/tradier_api.py", line 120
    """
       ^
SyntaxError: (unicode error) 'utf-8' codec can't decode byte 0x92 in position 51: invalid start byte
INFO:     Stopping reloader process [842521]
